app/build/outputs/apk/manifest-merger-debug-report.txt
-- Merging decision tree log ---
manifest
ADDED from AndroidManifest.xml:2:1
	xmlns:android
		ADDED from AndroidManifest.xml:2:11
	package
		ADDED from AndroidManifest.xml:3:5
		INJECTED from AndroidManifest.xml:0:0
		INJECTED from AndroidManifest.xml:0:0
	android:versionName
		ADDED from AndroidManifest.xml:5:5
	android:versionCode
		ADDED from AndroidManifest.xml:4:5
		INJECTED from AndroidManifest.xml:0:0
		INJECTED from AndroidManifest.xml:0:0
uses-permission#android.permission.INTERNET
ADDED from AndroidManifest.xml:7:5
	android:name
		ADDED from AndroidManifest.xml:7:22
uses-permission#android.permission.READ_PHONE_STATE
ADDED from AndroidManifest.xml:8:5
	android:name
		ADDED from AndroidManifest.xml:8:22
application
ADDED from AndroidManifest.xml:10:6
	android:label
		ADDED from AndroidManifest.xml:13:10
	android:allowBackup
		ADDED from AndroidManifest.xml:11:10
	android:icon
		ADDED from AndroidManifest.xml:12:10
	android:theme
		ADDED from AndroidManifest.xml:14:10
activity#edu.buffalo.cse.cse486586.groupmessenger1.GroupMessengerActivity
ADDED from AndroidManifest.xml:15:10
	android:label
		ADDED from AndroidManifest.xml:17:14
	android:name
		ADDED from AndroidManifest.xml:16:14
intent-filter#android.intent.action.MAIN+android.intent.category.LAUNCHER
ADDED from AndroidManifest.xml:18:14
action#android.intent.action.MAIN
ADDED from AndroidManifest.xml:19:18
	android:name
		ADDED from AndroidManifest.xml:19:26
category#android.intent.category.LAUNCHER
ADDED from AndroidManifest.xml:21:18
	android:name
		ADDED from AndroidManifest.xml:21:28
provider#edu.buffalo.cse.cse486586.groupmessenger1.GroupMessengerProvider
ADDED from AndroidManifest.xml:24:10
	android:authorities
		ADDED from AndroidManifest.xml:25:14
	android:name
		ADDED from AndroidManifest.xml:24:20
uses-sdk
INJECTED from AndroidManifest.xml:0:0 reason: use-sdk injection requested
	android:targetSdkVersion
		INJECTED from AndroidManifest.xml:0:0
		INJECTED from AndroidManifest.xml:0:0
	android:minSdkVersion
		INJECTED from AndroidManifest.xml:0:0
		INJECTED from AndroidManifest.xml:0:0